mode: set
github.com/nmarsollier/imagego/internal/engine/di/injector.go:40.48,44.2 1 0
github.com/nmarsollier/imagego/internal/engine/di/injector.go:46.41,48.2 1 0
github.com/nmarsollier/imagego/internal/engine/di/injector.go:50.49,51.30 1 0
github.com/nmarsollier/imagego/internal/engine/di/injector.go:51.30,53.3 1 0
github.com/nmarsollier/imagego/internal/engine/di/injector.go:55.2,55.24 1 0
github.com/nmarsollier/imagego/internal/engine/di/injector.go:55.24,57.3 1 0
github.com/nmarsollier/imagego/internal/engine/di/injector.go:59.2,60.20 2 0
github.com/nmarsollier/imagego/internal/engine/di/injector.go:63.46,64.29 1 0
github.com/nmarsollier/imagego/internal/engine/di/injector.go:64.29,66.3 1 0
github.com/nmarsollier/imagego/internal/engine/di/injector.go:68.2,68.23 1 0
github.com/nmarsollier/imagego/internal/engine/di/injector.go:68.23,70.3 1 0
github.com/nmarsollier/imagego/internal/engine/di/injector.go:72.2,73.19 2 0
github.com/nmarsollier/imagego/internal/engine/di/injector.go:76.56,77.28 1 0
github.com/nmarsollier/imagego/internal/engine/di/injector.go:77.28,79.3 1 0
github.com/nmarsollier/imagego/internal/engine/di/injector.go:80.2,81.24 2 0
github.com/nmarsollier/imagego/internal/engine/di/injector.go:84.50,85.27 1 0
github.com/nmarsollier/imagego/internal/engine/di/injector.go:85.27,87.3 1 0
github.com/nmarsollier/imagego/internal/engine/di/injector.go:88.2,89.23 2 0
github.com/nmarsollier/imagego/internal/engine/di/injector.go:92.65,93.26 1 0
github.com/nmarsollier/imagego/internal/engine/di/injector.go:93.26,95.3 1 0
github.com/nmarsollier/imagego/internal/engine/di/injector.go:96.2,97.22 2 0
github.com/nmarsollier/imagego/internal/engine/di/injector.go:100.59,101.25 1 0
github.com/nmarsollier/imagego/internal/engine/di/injector.go:101.25,103.3 1 0
github.com/nmarsollier/imagego/internal/engine/di/injector.go:104.2,105.21 2 0
github.com/nmarsollier/imagego/internal/engine/di/injector.go:108.67,109.26 1 0
github.com/nmarsollier/imagego/internal/engine/di/injector.go:109.26,111.3 1 0
github.com/nmarsollier/imagego/internal/engine/di/injector.go:113.2,113.26 1 0
github.com/nmarsollier/imagego/internal/engine/di/injector.go:113.26,115.3 1 0
github.com/nmarsollier/imagego/internal/engine/di/injector.go:117.2,118.22 2 0
