mode: set
github.com/nmarsollier/imagego/rabbit/consume_logout.go:26.13,27.12 1 0
github.com/nmarsollier/imagego/rabbit/consume_logout.go:27.12,28.7 1 0
github.com/nmarsollier/imagego/rabbit/consume_logout.go:28.7,32.4 3 0
github.com/nmarsollier/imagego/rabbit/consume_logout.go:36.27,43.16 3 0
github.com/nmarsollier/imagego/rabbit/consume_logout.go:43.16,46.3 2 0
github.com/nmarsollier/imagego/rabbit/consume_logout.go:47.2,50.16 3 0
github.com/nmarsollier/imagego/rabbit/consume_logout.go:50.16,53.3 2 0
github.com/nmarsollier/imagego/rabbit/consume_logout.go:54.2,65.16 3 0
github.com/nmarsollier/imagego/rabbit/consume_logout.go:65.16,68.3 2 0
github.com/nmarsollier/imagego/rabbit/consume_logout.go:70.2,78.16 2 0
github.com/nmarsollier/imagego/rabbit/consume_logout.go:78.16,81.3 2 0
github.com/nmarsollier/imagego/rabbit/consume_logout.go:83.2,89.16 2 0
github.com/nmarsollier/imagego/rabbit/consume_logout.go:89.16,92.3 2 0
github.com/nmarsollier/imagego/rabbit/consume_logout.go:94.2,103.16 2 0
github.com/nmarsollier/imagego/rabbit/consume_logout.go:103.16,106.3 2 0
github.com/nmarsollier/imagego/rabbit/consume_logout.go:108.2,110.12 2 0
github.com/nmarsollier/imagego/rabbit/consume_logout.go:110.12,111.22 1 0
github.com/nmarsollier/imagego/rabbit/consume_logout.go:111.22,117.18 5 0
github.com/nmarsollier/imagego/rabbit/consume_logout.go:117.18,118.36 1 0
github.com/nmarsollier/imagego/rabbit/consume_logout.go:118.36,121.6 2 0
github.com/nmarsollier/imagego/rabbit/consume_logout.go:122.10,124.5 1 0
github.com/nmarsollier/imagego/rabbit/consume_logout.go:128.2,130.12 2 0
github.com/nmarsollier/imagego/rabbit/consume_logout.go:139.42,142.21 2 0
github.com/nmarsollier/imagego/rabbit/consume_logout.go:142.21,144.3 1 0
github.com/nmarsollier/imagego/rabbit/consume_logout.go:146.2,146.14 1 0
