mode: set
github.com/nmarsollier/imagego/db/client_mocks.go:25.61,29.2 3 0
github.com/nmarsollier/imagego/db/client_mocks.go:32.59,34.2 1 0
github.com/nmarsollier/imagego/db/client_mocks.go:37.56,43.2 5 0
github.com/nmarsollier/imagego/db/client_mocks.go:46.71,49.2 2 0
github.com/nmarsollier/imagego/db/client_mocks.go:52.63,58.2 5 0
github.com/nmarsollier/imagego/db/client_mocks.go:61.78,64.2 2 0
github.com/nmarsollier/imagego/db/dao.go:12.40,13.25 1 0
github.com/nmarsollier/imagego/db/dao.go:13.25,14.37 1 0
github.com/nmarsollier/imagego/db/dao.go:14.37,16.4 1 0
github.com/nmarsollier/imagego/db/dao.go:19.2,19.22 1 0
github.com/nmarsollier/imagego/db/dynamox.go:25.29,26.24 1 0
github.com/nmarsollier/imagego/db/dynamox.go:26.24,37.17 3 0
github.com/nmarsollier/imagego/db/dynamox.go:37.17,39.4 1 0
github.com/nmarsollier/imagego/db/dynamox.go:41.3,45.4 2 0
github.com/nmarsollier/imagego/db/dynamox.go:48.2,48.24 1 0
github.com/nmarsollier/imagego/db/dynamox.go:55.53,58.16 3 0
github.com/nmarsollier/imagego/db/dynamox.go:58.16,60.3 1 0
github.com/nmarsollier/imagego/db/dynamox.go:62.2,66.16 2 0
github.com/nmarsollier/imagego/db/dynamox.go:66.16,68.3 1 0
github.com/nmarsollier/imagego/db/dynamox.go:70.2,70.45 1 0
github.com/nmarsollier/imagego/db/dynamox.go:70.45,72.3 1 0
github.com/nmarsollier/imagego/db/dynamox.go:74.2,75.16 2 0
github.com/nmarsollier/imagego/db/dynamox.go:75.16,77.3 1 0
github.com/nmarsollier/imagego/db/dynamox.go:79.2,79.25 1 0
github.com/nmarsollier/imagego/db/dynamox.go:82.67,84.16 2 0
github.com/nmarsollier/imagego/db/dynamox.go:84.16,86.3 1 0
github.com/nmarsollier/imagego/db/dynamox.go:88.2,95.16 2 0
github.com/nmarsollier/imagego/db/dynamox.go:95.16,97.3 1 0
github.com/nmarsollier/imagego/db/dynamox.go:98.2,98.17 1 0
github.com/nmarsollier/imagego/db/schema.go:19.34,24.2 1 0
github.com/nmarsollier/imagego/db/schema.go:29.59,31.43 2 0
github.com/nmarsollier/imagego/db/schema.go:31.43,34.3 2 0
github.com/nmarsollier/imagego/db/schema.go:35.2,35.47 1 0
github.com/nmarsollier/imagego/db/schema.go:35.47,38.3 2 0
github.com/nmarsollier/imagego/db/schema.go:39.2,39.12 1 0
