mode: set
github.com/nmarsollier/imagego/tools/log/logger.go:24.43,25.25 1 0
github.com/nmarsollier/imagego/tools/log/logger.go:25.25,26.36 1 0
github.com/nmarsollier/imagego/tools/log/logger.go:26.36,28.4 1 0
github.com/nmarsollier/imagego/tools/log/logger.go:30.2,35.35 5 0
github.com/nmarsollier/imagego/tools/log/logger.go:43.67,45.16 2 0
github.com/nmarsollier/imagego/tools/log/logger.go:45.16,47.3 1 0
github.com/nmarsollier/imagego/tools/log/logger.go:48.2,48.12 1 0
github.com/nmarsollier/imagego/tools/log/logger.go:51.59,53.2 1 0
github.com/nmarsollier/imagego/tools/log/logger.go:54.49,57.2 2 0
github.com/nmarsollier/imagego/tools/log/logger.go:59.45,61.16 2 0
github.com/nmarsollier/imagego/tools/log/logger.go:61.16,72.3 3 0
github.com/nmarsollier/imagego/tools/log/logrus_logger.go:16.49,18.2 1 0
github.com/nmarsollier/imagego/tools/log/logrus_logger.go:20.75,24.2 1 0
github.com/nmarsollier/imagego/tools/log/logrus_logger.go:26.48,28.2 1 0
github.com/nmarsollier/imagego/tools/log/logrus_logger.go:30.43,32.2 1 0
github.com/nmarsollier/imagego/tools/log/logrus_logger_mocks.go:26.67,30.2 3 0
github.com/nmarsollier/imagego/tools/log/logrus_logger_mocks.go:33.65,35.2 1 0
github.com/nmarsollier/imagego/tools/log/logrus_logger_mocks.go:38.48,43.2 4 0
github.com/nmarsollier/imagego/tools/log/logrus_logger_mocks.go:46.60,49.2 2 0
github.com/nmarsollier/imagego/tools/log/logrus_logger_mocks.go:52.54,55.25 3 0
github.com/nmarsollier/imagego/tools/log/logrus_logger_mocks.go:55.25,57.3 1 0
github.com/nmarsollier/imagego/tools/log/logrus_logger_mocks.go:58.2,58.37 1 0
github.com/nmarsollier/imagego/tools/log/logrus_logger_mocks.go:62.80,65.2 2 0
github.com/nmarsollier/imagego/tools/log/logrus_logger_mocks.go:68.53,71.25 3 0
github.com/nmarsollier/imagego/tools/log/logrus_logger_mocks.go:71.25,73.3 1 0
github.com/nmarsollier/imagego/tools/log/logrus_logger_mocks.go:74.2,74.36 1 0
github.com/nmarsollier/imagego/tools/log/logrus_logger_mocks.go:78.79,81.2 2 0
github.com/nmarsollier/imagego/tools/log/logrus_logger_mocks.go:84.80,89.2 4 0
github.com/nmarsollier/imagego/tools/log/logrus_logger_mocks.go:92.87,95.2 2 0
github.com/nmarsollier/imagego/tools/log/test_tools.go:8.123,19.2 6 0
