mode: set
github.com/nmarsollier/imagego/rest/server/auth_validator.go:13.45,14.41 1 0
github.com/nmarsollier/imagego/rest/server/auth_validator.go:14.41,18.3 3 0
github.com/nmarsollier/imagego/rest/server/auth_validator.go:21.42,23.16 2 0
github.com/nmarsollier/imagego/rest/server/auth_validator.go:23.16,25.3 1 0
github.com/nmarsollier/imagego/rest/server/auth_validator.go:27.2,28.65 2 0
github.com/nmarsollier/imagego/rest/server/auth_validator.go:28.65,30.3 1 0
github.com/nmarsollier/imagego/rest/server/auth_validator.go:32.2,32.12 1 0
github.com/nmarsollier/imagego/rest/server/auth_validator.go:36.53,38.48 2 0
github.com/nmarsollier/imagego/rest/server/auth_validator.go:38.48,40.3 1 0
github.com/nmarsollier/imagego/rest/server/auth_validator.go:41.2,41.29 1 0
github.com/nmarsollier/imagego/rest/server/engine.go:16.27,17.19 1 0
github.com/nmarsollier/imagego/rest/server/engine.go:17.19,19.3 1 0
github.com/nmarsollier/imagego/rest/server/engine.go:24.2,40.15 6 0
github.com/nmarsollier/imagego/rest/server/error_handler.go:12.35,16.2 2 0
github.com/nmarsollier/imagego/rest/server/error_handler.go:18.42,20.20 2 0
github.com/nmarsollier/imagego/rest/server/error_handler.go:20.20,22.3 1 0
github.com/nmarsollier/imagego/rest/server/error_handler.go:24.2,25.16 2 0
github.com/nmarsollier/imagego/rest/server/error_handler.go:25.16,27.3 1 0
github.com/nmarsollier/imagego/rest/server/error_handler.go:29.2,29.21 1 0
github.com/nmarsollier/imagego/rest/server/error_handler.go:33.51,35.29 1 0
github.com/nmarsollier/imagego/rest/server/error_handler.go:36.22,38.25 1 0
github.com/nmarsollier/imagego/rest/server/error_handler.go:39.23,41.19 1 0
github.com/nmarsollier/imagego/rest/server/error_handler.go:42.34,44.34 1 0
github.com/nmarsollier/imagego/rest/server/error_handler.go:45.13,49.5 1 0
github.com/nmarsollier/imagego/rest/server/error_handler.go:50.10,52.33 1 0
github.com/nmarsollier/imagego/rest/server/error_handler.go:56.89,59.37 2 0
github.com/nmarsollier/imagego/rest/server/error_handler.go:59.37,61.3 1 0
github.com/nmarsollier/imagego/rest/server/error_handler.go:63.2,63.18 1 0
github.com/nmarsollier/imagego/rest/server/error_handler.go:66.55,68.2 1 0
github.com/nmarsollier/imagego/rest/server/test_utils.go:16.49,19.18 3 0
github.com/nmarsollier/imagego/rest/server/test_utils.go:19.18,20.35 1 0
github.com/nmarsollier/imagego/rest/server/test_utils.go:20.35,23.4 2 0
github.com/nmarsollier/imagego/rest/server/test_utils.go:25.2,25.15 1 0
github.com/nmarsollier/imagego/rest/server/test_utils.go:30.44,32.40 2 0
github.com/nmarsollier/imagego/rest/server/test_utils.go:32.40,34.3 1 0
github.com/nmarsollier/imagego/rest/server/test_utils.go:35.2,35.12 1 0
github.com/nmarsollier/imagego/rest/server/test_utils.go:40.97,42.26 2 0
github.com/nmarsollier/imagego/rest/server/test_utils.go:42.26,44.3 1 0
github.com/nmarsollier/imagego/rest/server/test_utils.go:45.2,46.15 2 0
github.com/nmarsollier/imagego/rest/server/test_utils.go:49.100,51.26 2 0
github.com/nmarsollier/imagego/rest/server/test_utils.go:51.26,53.3 1 0
github.com/nmarsollier/imagego/rest/server/test_utils.go:54.2,55.15 2 0
github.com/nmarsollier/imagego/rest/server/test_utils.go:58.116,62.26 3 0
github.com/nmarsollier/imagego/rest/server/test_utils.go:62.26,64.3 1 0
github.com/nmarsollier/imagego/rest/server/test_utils.go:65.2,66.15 2 0
github.com/nmarsollier/imagego/rest/server/test_utils.go:70.69,77.2 4 0
github.com/nmarsollier/imagego/rest/server/test_utils.go:79.73,85.2 4 0
github.com/nmarsollier/imagego/rest/server/test_utils.go:87.76,89.2 1 0
github.com/nmarsollier/imagego/rest/server/test_utils.go:91.72,93.2 1 0
