mode: set
github.com/nmarsollier/imagego/db/client_mocks.go:25.61,29.2 3 1
github.com/nmarsollier/imagego/db/client_mocks.go:32.59,34.2 1 1
github.com/nmarsollier/imagego/db/client_mocks.go:37.56,43.2 5 1
github.com/nmarsollier/imagego/db/client_mocks.go:46.71,49.2 2 1
github.com/nmarsollier/imagego/db/client_mocks.go:52.63,58.2 5 1
github.com/nmarsollier/imagego/db/client_mocks.go:61.78,64.2 2 1
github.com/nmarsollier/imagego/db/dao.go:12.40,13.25 1 1
github.com/nmarsollier/imagego/db/dao.go:13.25,14.37 1 1
github.com/nmarsollier/imagego/db/dao.go:14.37,16.4 1 1
github.com/nmarsollier/imagego/db/dao.go:19.2,19.22 1 0
github.com/nmarsollier/imagego/db/dynamox.go:25.29,26.24 1 0
github.com/nmarsollier/imagego/db/dynamox.go:26.24,37.17 3 0
github.com/nmarsollier/imagego/db/dynamox.go:37.17,39.4 1 0
github.com/nmarsollier/imagego/db/dynamox.go:41.3,45.4 2 0
github.com/nmarsollier/imagego/db/dynamox.go:48.2,48.24 1 0
github.com/nmarsollier/imagego/db/dynamox.go:55.53,58.16 3 0
github.com/nmarsollier/imagego/db/dynamox.go:58.16,60.3 1 0
github.com/nmarsollier/imagego/db/dynamox.go:62.2,66.16 2 0
github.com/nmarsollier/imagego/db/dynamox.go:66.16,68.3 1 0
github.com/nmarsollier/imagego/db/dynamox.go:70.2,70.45 1 0
github.com/nmarsollier/imagego/db/dynamox.go:70.45,72.3 1 0
github.com/nmarsollier/imagego/db/dynamox.go:74.2,75.16 2 0
github.com/nmarsollier/imagego/db/dynamox.go:75.16,77.3 1 0
github.com/nmarsollier/imagego/db/dynamox.go:79.2,79.25 1 0
github.com/nmarsollier/imagego/db/dynamox.go:82.67,84.16 2 0
github.com/nmarsollier/imagego/db/dynamox.go:84.16,86.3 1 0
github.com/nmarsollier/imagego/db/dynamox.go:88.2,95.16 2 0
github.com/nmarsollier/imagego/db/dynamox.go:95.16,97.3 1 0
github.com/nmarsollier/imagego/db/dynamox.go:98.2,98.17 1 0
github.com/nmarsollier/imagego/db/schema.go:19.34,24.2 1 1
github.com/nmarsollier/imagego/db/schema.go:29.59,31.43 2 1
github.com/nmarsollier/imagego/db/schema.go:31.43,34.3 2 0
github.com/nmarsollier/imagego/db/schema.go:35.2,35.47 1 1
github.com/nmarsollier/imagego/db/schema.go:35.47,38.3 2 0
github.com/nmarsollier/imagego/db/schema.go:39.2,39.12 1 1
github.com/nmarsollier/imagego/docs/docs.go:359.13,361.2 1 1
github.com/nmarsollier/imagego/image/find_service.go:12.77,13.15 1 1
github.com/nmarsollier/imagego/image/find_service.go:13.15,15.3 1 1
github.com/nmarsollier/imagego/image/find_service.go:17.2,21.40 3 1
github.com/nmarsollier/imagego/image/find_service.go:21.40,23.3 1 0
github.com/nmarsollier/imagego/image/find_service.go:24.2,24.16 1 1
github.com/nmarsollier/imagego/image/find_service.go:24.16,26.3 1 1
github.com/nmarsollier/imagego/image/find_service.go:28.2,28.46 1 1
github.com/nmarsollier/imagego/image/find_service.go:31.86,35.16 2 1
github.com/nmarsollier/imagego/image/find_service.go:35.16,37.3 1 0
github.com/nmarsollier/imagego/image/find_service.go:39.2,40.16 2 1
github.com/nmarsollier/imagego/image/find_service.go:40.16,42.3 1 0
github.com/nmarsollier/imagego/image/find_service.go:44.2,45.16 2 1
github.com/nmarsollier/imagego/image/find_service.go:45.16,47.3 1 0
github.com/nmarsollier/imagego/image/find_service.go:49.2,49.19 1 1
github.com/nmarsollier/imagego/image/repository.go:10.67,11.54 1 1
github.com/nmarsollier/imagego/image/repository.go:11.54,14.3 2 0
github.com/nmarsollier/imagego/image/repository.go:16.2,18.16 3 1
github.com/nmarsollier/imagego/image/repository.go:18.16,21.3 2 1
github.com/nmarsollier/imagego/image/repository.go:23.2,23.22 1 1
github.com/nmarsollier/imagego/image/repository.go:27.67,30.16 3 1
github.com/nmarsollier/imagego/image/repository.go:30.16,33.3 2 1
github.com/nmarsollier/imagego/image/repository.go:35.2,39.21 2 1
github.com/nmarsollier/imagego/image/resize.go:21.80,27.16 4 1
github.com/nmarsollier/imagego/image/resize.go:27.16,29.3 1 0
github.com/nmarsollier/imagego/image/resize.go:30.2,31.29 2 1
github.com/nmarsollier/imagego/image/resize.go:31.29,36.3 1 1
github.com/nmarsollier/imagego/image/resize.go:39.2,50.21 7 1
github.com/nmarsollier/imagego/image/resize.go:53.51,55.2 1 1
github.com/nmarsollier/imagego/image/test_tools.go:5.28,7.2 1 1
github.com/nmarsollier/imagego/image/test_tools.go:9.35,11.2 1 1
github.com/nmarsollier/imagego/image/test_tools.go:13.34,15.2 1 1
github.com/nmarsollier/imagego/rest/get_image_id.go:24.23,26.2 1 1
github.com/nmarsollier/imagego/rest/get_image_id.go:28.32,31.16 2 1
github.com/nmarsollier/imagego/rest/get_image_id.go:31.16,34.3 2 1
github.com/nmarsollier/imagego/rest/get_image_id.go:36.2,36.19 1 1
github.com/nmarsollier/imagego/rest/get_image_id_jpeg.go:29.27,31.2 1 1
github.com/nmarsollier/imagego/rest/get_image_id_jpeg.go:33.36,35.16 2 1
github.com/nmarsollier/imagego/rest/get_image_id_jpeg.go:35.16,38.3 2 1
github.com/nmarsollier/imagego/rest/get_image_id_jpeg.go:40.2,41.16 2 1
github.com/nmarsollier/imagego/rest/get_image_id_jpeg.go:41.16,44.3 2 1
github.com/nmarsollier/imagego/rest/get_image_id_jpeg.go:46.2,46.40 1 1
github.com/nmarsollier/imagego/rest/get_image_id_jpeg.go:49.45,53.2 3 1
github.com/nmarsollier/imagego/rest/image_tools.go:11.50,17.16 5 1
github.com/nmarsollier/imagego/rest/image_tools.go:17.16,19.3 1 1
github.com/nmarsollier/imagego/rest/image_tools.go:21.2,21.18 1 1
github.com/nmarsollier/imagego/rest/image_tools.go:24.39,26.9 2 1
github.com/nmarsollier/imagego/rest/image_tools.go:26.9,28.3 1 1
github.com/nmarsollier/imagego/rest/image_tools.go:30.2,30.39 1 1
github.com/nmarsollier/imagego/rest/image_tools.go:34.48,35.20 1 1
github.com/nmarsollier/imagego/rest/image_tools.go:36.13,37.13 1 1
github.com/nmarsollier/imagego/rest/image_tools.go:38.13,39.13 1 1
github.com/nmarsollier/imagego/rest/image_tools.go:40.13,41.13 1 1
github.com/nmarsollier/imagego/rest/image_tools.go:42.13,43.13 1 1
github.com/nmarsollier/imagego/rest/image_tools.go:44.14,45.14 1 0
github.com/nmarsollier/imagego/rest/image_tools.go:46.14,47.14 1 0
github.com/nmarsollier/imagego/rest/image_tools.go:49.2,49.10 1 1
github.com/nmarsollier/imagego/rest/post_image.go:28.22,34.2 1 1
github.com/nmarsollier/imagego/rest/post_image.go:36.32,38.16 2 1
github.com/nmarsollier/imagego/rest/post_image.go:38.16,41.3 2 0
github.com/nmarsollier/imagego/rest/post_image.go:43.2,45.16 3 1
github.com/nmarsollier/imagego/rest/post_image.go:45.16,48.3 2 1
github.com/nmarsollier/imagego/rest/post_image.go:50.2,50.39 1 1
github.com/nmarsollier/imagego/rest/post_image.go:53.51,56.48 2 1
github.com/nmarsollier/imagego/rest/post_image.go:56.48,58.3 1 0
github.com/nmarsollier/imagego/rest/post_image.go:60.2,60.24 1 1
github.com/nmarsollier/imagego/rest/router.go:12.20,15.2 2 0
github.com/nmarsollier/imagego/rest/router.go:17.19,21.2 3 1
github.com/nmarsollier/imagego/rest/server/authorization.go:14.45,16.16 2 1
github.com/nmarsollier/imagego/rest/server/authorization.go:16.16,20.3 3 1
github.com/nmarsollier/imagego/rest/server/authorization.go:22.2,23.77 2 1
github.com/nmarsollier/imagego/rest/server/authorization.go:26.60,28.16 2 1
github.com/nmarsollier/imagego/rest/server/authorization.go:28.16,30.3 1 0
github.com/nmarsollier/imagego/rest/server/authorization.go:32.2,34.16 3 1
github.com/nmarsollier/imagego/rest/server/authorization.go:34.16,36.3 1 1
github.com/nmarsollier/imagego/rest/server/authorization.go:38.2,38.18 1 1
github.com/nmarsollier/imagego/rest/server/authorization.go:42.53,44.65 2 1
github.com/nmarsollier/imagego/rest/server/authorization.go:44.65,46.3 1 0
github.com/nmarsollier/imagego/rest/server/authorization.go:47.2,47.29 1 1
github.com/nmarsollier/imagego/rest/server/error.go:12.35,16.2 2 1
github.com/nmarsollier/imagego/rest/server/error.go:18.42,20.20 2 1
github.com/nmarsollier/imagego/rest/server/error.go:20.20,22.3 1 1
github.com/nmarsollier/imagego/rest/server/error.go:24.2,25.16 2 1
github.com/nmarsollier/imagego/rest/server/error.go:25.16,27.3 1 0
github.com/nmarsollier/imagego/rest/server/error.go:29.2,29.21 1 1
github.com/nmarsollier/imagego/rest/server/error.go:33.51,35.29 1 1
github.com/nmarsollier/imagego/rest/server/error.go:36.22,38.25 1 1
github.com/nmarsollier/imagego/rest/server/error.go:39.23,41.19 1 0
github.com/nmarsollier/imagego/rest/server/error.go:42.34,44.34 1 0
github.com/nmarsollier/imagego/rest/server/error.go:45.13,49.5 1 1
github.com/nmarsollier/imagego/rest/server/error.go:50.10,52.33 1 0
github.com/nmarsollier/imagego/rest/server/error.go:56.89,59.37 2 0
github.com/nmarsollier/imagego/rest/server/error.go:59.37,61.3 1 0
github.com/nmarsollier/imagego/rest/server/error.go:63.2,63.18 1 0
github.com/nmarsollier/imagego/rest/server/error.go:66.55,68.2 1 1
github.com/nmarsollier/imagego/rest/server/logger.go:9.72,15.2 1 1
github.com/nmarsollier/imagego/rest/server/logger.go:17.63,18.30 1 1
github.com/nmarsollier/imagego/rest/server/logger.go:18.30,24.36 4 1
github.com/nmarsollier/imagego/rest/server/logger.go:24.36,27.4 2 1
github.com/nmarsollier/imagego/rest/server/logger.go:31.48,33.12 2 1
github.com/nmarsollier/imagego/rest/server/logger.go:33.12,35.3 1 0
github.com/nmarsollier/imagego/rest/server/logger.go:36.2,36.33 1 1
github.com/nmarsollier/imagego/rest/server/logger.go:39.46,42.21 2 1
github.com/nmarsollier/imagego/rest/server/logger.go:42.21,44.3 1 1
github.com/nmarsollier/imagego/rest/server/logger.go:46.2,46.14 1 1
github.com/nmarsollier/imagego/rest/server/server.go:16.46,17.19 1 1
github.com/nmarsollier/imagego/rest/server/server.go:17.19,19.3 1 1
github.com/nmarsollier/imagego/rest/server/server.go:21.2,38.15 7 1
github.com/nmarsollier/imagego/rest/server/server.go:42.44,45.41 2 1
github.com/nmarsollier/imagego/rest/server/server.go:45.41,47.3 1 1
github.com/nmarsollier/imagego/rest/server/server.go:49.2,51.13 2 1
github.com/nmarsollier/imagego/rest/server/test_utils.go:16.50,19.19 3 1
github.com/nmarsollier/imagego/rest/server/test_utils.go:19.19,20.35 1 1
github.com/nmarsollier/imagego/rest/server/test_utils.go:20.35,23.4 2 1
github.com/nmarsollier/imagego/rest/server/test_utils.go:25.2,25.15 1 1
github.com/nmarsollier/imagego/rest/server/test_utils.go:30.97,32.26 2 1
github.com/nmarsollier/imagego/rest/server/test_utils.go:32.26,34.3 1 1
github.com/nmarsollier/imagego/rest/server/test_utils.go:35.2,36.15 2 1
github.com/nmarsollier/imagego/rest/server/test_utils.go:39.100,41.26 2 0
github.com/nmarsollier/imagego/rest/server/test_utils.go:41.26,43.3 1 0
github.com/nmarsollier/imagego/rest/server/test_utils.go:44.2,45.15 2 0
github.com/nmarsollier/imagego/rest/server/test_utils.go:48.116,52.26 3 1
github.com/nmarsollier/imagego/rest/server/test_utils.go:52.26,54.3 1 1
github.com/nmarsollier/imagego/rest/server/test_utils.go:55.2,56.15 2 1
github.com/nmarsollier/imagego/rest/server/test_utils.go:60.69,67.2 4 1
github.com/nmarsollier/imagego/rest/server/test_utils.go:69.73,75.2 4 1
github.com/nmarsollier/imagego/rest/server/test_utils.go:77.76,79.2 1 1
github.com/nmarsollier/imagego/rest/server/test_utils.go:81.72,83.2 1 0
github.com/nmarsollier/imagego/security/invalidate_service.go:8.52,9.21 1 0
github.com/nmarsollier/imagego/security/invalidate_service.go:9.21,12.3 2 0
github.com/nmarsollier/imagego/security/invalidate_service.go:14.2,15.52 2 0
github.com/nmarsollier/imagego/security/repository.go:18.71,21.16 2 1
github.com/nmarsollier/imagego/security/repository.go:21.16,24.3 2 0
github.com/nmarsollier/imagego/security/repository.go:25.2,26.86 2 1
github.com/nmarsollier/imagego/security/repository.go:26.86,28.3 1 1
github.com/nmarsollier/imagego/security/repository.go:30.2,31.42 2 1
github.com/nmarsollier/imagego/security/repository.go:31.42,34.3 2 1
github.com/nmarsollier/imagego/security/repository.go:35.2,39.16 4 1
github.com/nmarsollier/imagego/security/repository.go:39.16,42.3 2 0
github.com/nmarsollier/imagego/security/repository.go:44.2,45.46 2 1
github.com/nmarsollier/imagego/security/repository.go:45.46,48.3 2 0
github.com/nmarsollier/imagego/security/repository.go:49.2,49.18 1 1
github.com/nmarsollier/imagego/security/test_utils.go:15.23,22.2 1 1
github.com/nmarsollier/imagego/security/test_utils.go:25.62,31.2 2 1
github.com/nmarsollier/imagego/security/test_utils.go:33.57,39.2 2 1
github.com/nmarsollier/imagego/security/validate_service.go:9.65,11.39 1 1
github.com/nmarsollier/imagego/security/validate_service.go:11.39,12.36 1 0
github.com/nmarsollier/imagego/security/validate_service.go:12.36,14.4 1 0
github.com/nmarsollier/imagego/security/validate_service.go:17.2,18.16 2 1
github.com/nmarsollier/imagego/security/validate_service.go:18.16,20.3 1 1
github.com/nmarsollier/imagego/security/validate_service.go:23.2,25.18 2 1
github.com/nmarsollier/imagego/tools/env/env.go:23.27,35.2 1 1
github.com/nmarsollier/imagego/tools/env/env.go:38.27,39.19 1 1
github.com/nmarsollier/imagego/tools/env/env.go:39.19,41.3 1 1
github.com/nmarsollier/imagego/tools/env/env.go:43.2,43.15 1 1
github.com/nmarsollier/imagego/tools/env/env.go:47.28,50.54 2 1
github.com/nmarsollier/imagego/tools/env/env.go:50.54,52.3 1 0
github.com/nmarsollier/imagego/tools/env/env.go:54.2,54.48 1 1
github.com/nmarsollier/imagego/tools/env/env.go:54.48,55.53 1 0
github.com/nmarsollier/imagego/tools/env/env.go:55.53,57.4 1 0
github.com/nmarsollier/imagego/tools/env/env.go:60.2,60.52 1 1
github.com/nmarsollier/imagego/tools/env/env.go:60.52,61.53 1 0
github.com/nmarsollier/imagego/tools/env/env.go:61.53,63.4 1 0
github.com/nmarsollier/imagego/tools/env/env.go:66.2,66.54 1 1
github.com/nmarsollier/imagego/tools/env/env.go:66.54,68.3 1 0
github.com/nmarsollier/imagego/tools/env/env.go:70.2,70.60 1 1
github.com/nmarsollier/imagego/tools/env/env.go:70.60,72.3 1 0
github.com/nmarsollier/imagego/tools/env/env.go:74.2,74.50 1 1
github.com/nmarsollier/imagego/tools/env/env.go:74.50,76.3 1 0
github.com/nmarsollier/imagego/tools/env/env.go:77.2,77.61 1 1
github.com/nmarsollier/imagego/tools/env/env.go:77.61,79.3 1 0
github.com/nmarsollier/imagego/tools/env/env.go:80.2,80.65 1 1
github.com/nmarsollier/imagego/tools/env/env.go:80.65,82.3 1 0
github.com/nmarsollier/imagego/tools/env/env.go:83.2,83.54 1 1
github.com/nmarsollier/imagego/tools/env/env.go:83.54,85.3 1 0
github.com/nmarsollier/imagego/tools/env/env.go:87.2,87.15 1 1
github.com/nmarsollier/imagego/tools/errs/rest_error.go:17.57,22.2 1 1
github.com/nmarsollier/imagego/tools/errs/rest_error.go:38.36,40.2 1 1
github.com/nmarsollier/imagego/tools/errs/rest_error.go:43.34,45.2 1 1
github.com/nmarsollier/imagego/tools/errs/validation.go:14.33,18.2 1 1
github.com/nmarsollier/imagego/tools/errs/validation.go:24.40,26.16 2 0
github.com/nmarsollier/imagego/tools/errs/validation.go:26.16,28.3 1 0
github.com/nmarsollier/imagego/tools/errs/validation.go:29.2,29.21 1 0
github.com/nmarsollier/imagego/tools/errs/validation.go:33.69,40.2 3 1
github.com/nmarsollier/imagego/tools/httpx/client.go:9.42,10.25 1 1
github.com/nmarsollier/imagego/tools/httpx/client.go:10.25,11.39 1 1
github.com/nmarsollier/imagego/tools/httpx/client.go:11.39,13.4 1 1
github.com/nmarsollier/imagego/tools/httpx/client.go:16.2,16.27 1 0
github.com/nmarsollier/imagego/tools/httpx/client_mocks.go:26.65,30.2 3 1
github.com/nmarsollier/imagego/tools/httpx/client_mocks.go:33.63,35.2 1 1
github.com/nmarsollier/imagego/tools/httpx/client_mocks.go:38.72,44.2 5 1
github.com/nmarsollier/imagego/tools/httpx/client_mocks.go:47.72,50.2 2 1
github.com/nmarsollier/imagego/tools/log/logger.go:24.43,25.25 1 1
github.com/nmarsollier/imagego/tools/log/logger.go:25.25,26.36 1 1
github.com/nmarsollier/imagego/tools/log/logger.go:26.36,28.4 1 1
github.com/nmarsollier/imagego/tools/log/logger.go:30.2,35.35 5 1
github.com/nmarsollier/imagego/tools/log/logger.go:43.67,45.16 2 1
github.com/nmarsollier/imagego/tools/log/logger.go:45.16,47.3 1 1
github.com/nmarsollier/imagego/tools/log/logger.go:48.2,48.12 1 1
github.com/nmarsollier/imagego/tools/log/logger.go:51.59,53.2 1 1
github.com/nmarsollier/imagego/tools/log/logger.go:54.49,57.2 2 0
github.com/nmarsollier/imagego/tools/log/logger.go:59.45,61.16 2 1
github.com/nmarsollier/imagego/tools/log/logger.go:61.16,72.3 3 1
github.com/nmarsollier/imagego/tools/log/logrus_logger.go:16.49,18.2 1 0
github.com/nmarsollier/imagego/tools/log/logrus_logger.go:20.75,24.2 1 1
github.com/nmarsollier/imagego/tools/log/logrus_logger.go:26.48,28.2 1 1
github.com/nmarsollier/imagego/tools/log/logrus_logger.go:30.43,32.2 1 0
github.com/nmarsollier/imagego/tools/log/logrus_logger_mocks.go:26.67,30.2 3 1
github.com/nmarsollier/imagego/tools/log/logrus_logger_mocks.go:33.65,35.2 1 1
github.com/nmarsollier/imagego/tools/log/logrus_logger_mocks.go:38.48,43.2 4 1
github.com/nmarsollier/imagego/tools/log/logrus_logger_mocks.go:46.60,49.2 2 1
github.com/nmarsollier/imagego/tools/log/logrus_logger_mocks.go:52.54,55.25 3 1
github.com/nmarsollier/imagego/tools/log/logrus_logger_mocks.go:55.25,57.3 1 1
github.com/nmarsollier/imagego/tools/log/logrus_logger_mocks.go:58.2,58.37 1 1
github.com/nmarsollier/imagego/tools/log/logrus_logger_mocks.go:62.80,65.2 2 1
github.com/nmarsollier/imagego/tools/log/logrus_logger_mocks.go:68.53,71.25 3 1
github.com/nmarsollier/imagego/tools/log/logrus_logger_mocks.go:71.25,73.3 1 1
github.com/nmarsollier/imagego/tools/log/logrus_logger_mocks.go:74.2,74.36 1 1
github.com/nmarsollier/imagego/tools/log/logrus_logger_mocks.go:78.79,81.2 2 1
github.com/nmarsollier/imagego/tools/log/logrus_logger_mocks.go:84.80,89.2 4 1
github.com/nmarsollier/imagego/tools/log/logrus_logger_mocks.go:92.87,95.2 2 1
github.com/nmarsollier/imagego/tools/log/test_tools.go:8.123,19.2 6 1
github.com/nmarsollier/imagego/tools/strs/json.go:5.37,8.2 2 1
