mode: set
github.com/nmarsollier/imagego/image/find_service.go:11.84,12.15 1 0
github.com/nmarsollier/imagego/image/find_service.go:12.15,14.3 1 0
github.com/nmarsollier/imagego/image/find_service.go:16.2,20.40 3 0
github.com/nmarsollier/imagego/image/find_service.go:20.40,22.3 1 0
github.com/nmarsollier/imagego/image/find_service.go:24.2,24.16 1 0
github.com/nmarsollier/imagego/image/find_service.go:24.16,26.3 1 0
github.com/nmarsollier/imagego/image/find_service.go:28.2,28.8 1 0
github.com/nmarsollier/imagego/image/find_service.go:31.93,35.16 2 0
github.com/nmarsollier/imagego/image/find_service.go:35.16,37.3 1 0
github.com/nmarsollier/imagego/image/find_service.go:39.2,40.16 2 0
github.com/nmarsollier/imagego/image/find_service.go:40.16,42.3 1 0
github.com/nmarsollier/imagego/image/find_service.go:44.2,45.8 2 0
github.com/nmarsollier/imagego/image/repository.go:17.76,18.53 1 0
github.com/nmarsollier/imagego/image/repository.go:18.53,21.3 2 0
github.com/nmarsollier/imagego/image/repository.go:23.2,26.16 3 0
github.com/nmarsollier/imagego/image/repository.go:26.16,28.3 1 0
github.com/nmarsollier/imagego/image/repository.go:30.2,38.16 2 0
github.com/nmarsollier/imagego/image/repository.go:38.16,41.3 2 0
github.com/nmarsollier/imagego/image/repository.go:43.2,43.22 1 0
github.com/nmarsollier/imagego/image/repository.go:47.74,61.59 3 0
github.com/nmarsollier/imagego/image/repository.go:61.59,65.3 2 0
github.com/nmarsollier/imagego/image/repository.go:67.2,68.16 2 0
github.com/nmarsollier/imagego/image/repository.go:68.16,72.3 2 0
github.com/nmarsollier/imagego/image/repository.go:74.2,74.8 1 0
github.com/nmarsollier/imagego/image/resize.go:20.85,26.16 4 0
github.com/nmarsollier/imagego/image/resize.go:26.16,28.3 1 0
github.com/nmarsollier/imagego/image/resize.go:29.2,30.29 2 0
github.com/nmarsollier/imagego/image/resize.go:30.29,35.3 1 0
github.com/nmarsollier/imagego/image/resize.go:38.2,49.8 7 0
github.com/nmarsollier/imagego/image/resize.go:52.51,54.2 1 0
github.com/nmarsollier/imagego/image/schema.go:19.34,24.2 1 0
github.com/nmarsollier/imagego/image/schema.go:29.59,31.43 2 0
github.com/nmarsollier/imagego/image/schema.go:31.43,34.3 2 0
github.com/nmarsollier/imagego/image/schema.go:35.2,35.47 1 0
github.com/nmarsollier/imagego/image/schema.go:35.47,38.3 2 0
github.com/nmarsollier/imagego/image/schema.go:39.2,39.12 1 0
