mode: set
github.com/nmarsollier/imagego/image/image_dao/mock_dao.go:25.61,29.2 3 0
github.com/nmarsollier/imagego/image/image_dao/mock_dao.go:32.59,34.2 1 0
github.com/nmarsollier/imagego/image/image_dao/mock_dao.go:37.56,43.2 5 0
github.com/nmarsollier/imagego/image/image_dao/mock_dao.go:46.71,49.2 2 0
github.com/nmarsollier/imagego/image/image_dao/mock_dao.go:52.53,57.2 4 0
github.com/nmarsollier/imagego/image/image_dao/mock_dao.go:60.78,63.2 2 0
github.com/nmarsollier/imagego/image/image_dao/postgres_dao.go:16.40,17.25 1 0
github.com/nmarsollier/imagego/image/image_dao/postgres_dao.go:17.25,18.37 1 0
github.com/nmarsollier/imagego/image/image_dao/postgres_dao.go:18.37,20.4 1 0
github.com/nmarsollier/imagego/image/image_dao/postgres_dao.go:23.2,23.21 1 0
github.com/nmarsollier/imagego/image/image_dao/postgres_dao.go:23.21,25.17 2 0
github.com/nmarsollier/imagego/image/image_dao/postgres_dao.go:25.17,27.18 2 0
github.com/nmarsollier/imagego/image/image_dao/postgres_dao.go:27.18,29.5 1 0
github.com/nmarsollier/imagego/image/image_dao/postgres_dao.go:31.4,33.5 1 0
github.com/nmarsollier/imagego/image/image_dao/postgres_dao.go:37.2,37.17 1 0
github.com/nmarsollier/imagego/image/image_dao/postgres_dao.go:44.66,46.16 2 0
github.com/nmarsollier/imagego/image/image_dao/postgres_dao.go:46.16,48.3 1 0
github.com/nmarsollier/imagego/image/image_dao/postgres_dao.go:49.2,49.8 1 0
github.com/nmarsollier/imagego/image/image_dao/postgres_dao.go:52.66,54.16 2 0
github.com/nmarsollier/imagego/image/image_dao/postgres_dao.go:54.16,56.3 1 0
github.com/nmarsollier/imagego/image/image_dao/postgres_dao.go:58.2,58.8 1 0
