mode: set
github.com/nmarsollier/imagego/log/logger.go:29.67,31.16 2 1
github.com/nmarsollier/imagego/log/logger.go:31.16,33.3 1 1
github.com/nmarsollier/imagego/log/logger.go:34.2,34.12 1 1
github.com/nmarsollier/imagego/log/logger.go:37.59,39.2 1 1
github.com/nmarsollier/imagego/log/logger.go:40.49,43.2 2 0
github.com/nmarsollier/imagego/log/logger.go:45.45,47.16 2 1
github.com/nmarsollier/imagego/log/logger.go:47.16,58.3 3 1
github.com/nmarsollier/imagego/log/logger.go:61.26,70.2 5 1
github.com/nmarsollier/imagego/log/logger.go:72.44,73.24 1 1
github.com/nmarsollier/imagego/log/logger.go:73.24,74.38 1 1
github.com/nmarsollier/imagego/log/logger.go:74.38,76.4 1 0
github.com/nmarsollier/imagego/log/logger.go:78.2,78.14 1 1
github.com/nmarsollier/imagego/security/dao.go:14.70,17.16 2 1
github.com/nmarsollier/imagego/security/dao.go:17.16,20.3 2 0
github.com/nmarsollier/imagego/security/dao.go:21.2,22.83 2 1
github.com/nmarsollier/imagego/security/dao.go:22.83,24.3 1 0
github.com/nmarsollier/imagego/security/dao.go:26.2,27.42 2 1
github.com/nmarsollier/imagego/security/dao.go:27.42,30.3 2 1
github.com/nmarsollier/imagego/security/dao.go:31.2,35.16 4 1
github.com/nmarsollier/imagego/security/dao.go:35.16,38.3 2 1
github.com/nmarsollier/imagego/security/dao.go:40.2,41.46 2 1
github.com/nmarsollier/imagego/security/dao.go:41.46,44.3 2 0
github.com/nmarsollier/imagego/security/dao.go:45.2,45.18 1 1
github.com/nmarsollier/imagego/security/service.go:14.64,16.39 1 1
github.com/nmarsollier/imagego/security/service.go:16.39,17.36 1 0
github.com/nmarsollier/imagego/security/service.go:17.36,19.4 1 0
github.com/nmarsollier/imagego/security/service.go:22.2,23.16 2 1
github.com/nmarsollier/imagego/security/service.go:23.16,25.3 1 1
github.com/nmarsollier/imagego/security/service.go:28.2,30.18 2 1
github.com/nmarsollier/imagego/security/service.go:34.51,35.21 1 1
github.com/nmarsollier/imagego/security/service.go:35.21,38.3 2 0
github.com/nmarsollier/imagego/security/service.go:40.2,41.51 2 1
github.com/nmarsollier/imagego/security/test_utils.go:15.23,22.2 1 1
github.com/nmarsollier/imagego/security/test_utils.go:25.62,31.2 2 1
github.com/nmarsollier/imagego/security/test_utils.go:33.57,39.2 2 1
github.com/nmarsollier/imagego/tools/env/env.go:19.27,27.2 1 1
github.com/nmarsollier/imagego/tools/env/env.go:30.27,31.19 1 1
github.com/nmarsollier/imagego/tools/env/env.go:31.19,33.3 1 1
github.com/nmarsollier/imagego/tools/env/env.go:35.2,35.15 1 1
github.com/nmarsollier/imagego/tools/env/env.go:39.28,42.53 2 1
github.com/nmarsollier/imagego/tools/env/env.go:42.53,44.3 1 0
github.com/nmarsollier/imagego/tools/env/env.go:46.2,46.54 1 1
github.com/nmarsollier/imagego/tools/env/env.go:46.54,48.3 1 0
github.com/nmarsollier/imagego/tools/env/env.go:50.2,50.48 1 1
github.com/nmarsollier/imagego/tools/env/env.go:50.48,51.53 1 0
github.com/nmarsollier/imagego/tools/env/env.go:51.53,53.4 1 0
github.com/nmarsollier/imagego/tools/env/env.go:56.2,56.54 1 1
github.com/nmarsollier/imagego/tools/env/env.go:56.54,58.3 1 0
github.com/nmarsollier/imagego/tools/env/env.go:60.2,60.60 1 1
github.com/nmarsollier/imagego/tools/env/env.go:60.60,62.3 1 0
github.com/nmarsollier/imagego/tools/env/env.go:64.2,64.15 1 1
github.com/nmarsollier/imagego/tools/errs/rest_error.go:17.57,22.2 1 1
github.com/nmarsollier/imagego/tools/errs/rest_error.go:38.36,40.2 1 0
github.com/nmarsollier/imagego/tools/errs/rest_error.go:43.34,45.2 1 0
github.com/nmarsollier/imagego/tools/errs/validation.go:16.33,20.2 1 0
github.com/nmarsollier/imagego/tools/errs/validation.go:26.40,28.16 2 0
github.com/nmarsollier/imagego/tools/errs/validation.go:28.16,31.3 2 0
github.com/nmarsollier/imagego/tools/errs/validation.go:32.2,32.21 1 0
github.com/nmarsollier/imagego/tools/errs/validation.go:36.69,43.2 3 0
github.com/nmarsollier/imagego/tools/httpx/client.go:9.41,10.24 1 1
github.com/nmarsollier/imagego/tools/httpx/client.go:10.24,11.39 1 1
github.com/nmarsollier/imagego/tools/httpx/client.go:11.39,13.4 1 1
github.com/nmarsollier/imagego/tools/httpx/client.go:16.2,16.27 1 0
github.com/nmarsollier/imagego/tools/httpx/client_mocks.go:26.65,30.2 3 1
github.com/nmarsollier/imagego/tools/httpx/client_mocks.go:33.63,35.2 1 1
github.com/nmarsollier/imagego/tools/httpx/client_mocks.go:38.72,44.2 5 1
github.com/nmarsollier/imagego/tools/httpx/client_mocks.go:47.72,50.2 2 1
github.com/nmarsollier/imagego/tools/strs/json.go:5.37,8.2 2 1
