mode: set
github.com/nmarsollier/imagego/internal/rest/server/authorization.go:14.45,16.16 2 0
github.com/nmarsollier/imagego/internal/rest/server/authorization.go:16.16,20.3 3 0
github.com/nmarsollier/imagego/internal/rest/server/authorization.go:22.2,23.74 2 0
github.com/nmarsollier/imagego/internal/rest/server/authorization.go:26.60,28.16 2 0
github.com/nmarsollier/imagego/internal/rest/server/authorization.go:28.16,30.3 1 0
github.com/nmarsollier/imagego/internal/rest/server/authorization.go:32.2,34.16 3 0
github.com/nmarsollier/imagego/internal/rest/server/authorization.go:34.16,36.3 1 0
github.com/nmarsollier/imagego/internal/rest/server/authorization.go:38.2,38.18 1 0
github.com/nmarsollier/imagego/internal/rest/server/authorization.go:42.53,44.65 2 0
github.com/nmarsollier/imagego/internal/rest/server/authorization.go:44.65,46.3 1 0
github.com/nmarsollier/imagego/internal/rest/server/authorization.go:47.2,47.29 1 0
github.com/nmarsollier/imagego/internal/rest/server/di_middleware.go:11.45,12.30 1 0
github.com/nmarsollier/imagego/internal/rest/server/di_middleware.go:12.30,16.14 3 0
github.com/nmarsollier/imagego/internal/rest/server/di_middleware.go:16.14,20.4 3 0
github.com/nmarsollier/imagego/internal/rest/server/di_middleware.go:20.9,22.4 1 0
github.com/nmarsollier/imagego/internal/rest/server/di_middleware.go:24.3,26.36 2 0
github.com/nmarsollier/imagego/internal/rest/server/di_middleware.go:26.36,28.4 1 0
github.com/nmarsollier/imagego/internal/rest/server/di_middleware.go:32.40,34.2 1 0
github.com/nmarsollier/imagego/internal/rest/server/di_middleware.go:36.48,42.2 1 0
github.com/nmarsollier/imagego/internal/rest/server/di_middleware.go:44.46,47.21 2 0
github.com/nmarsollier/imagego/internal/rest/server/di_middleware.go:47.21,49.3 1 0
github.com/nmarsollier/imagego/internal/rest/server/di_middleware.go:51.2,51.14 1 0
github.com/nmarsollier/imagego/internal/rest/server/engine.go:16.27,17.19 1 0
github.com/nmarsollier/imagego/internal/rest/server/engine.go:17.19,19.3 1 0
github.com/nmarsollier/imagego/internal/rest/server/engine.go:21.2,38.15 7 0
github.com/nmarsollier/imagego/internal/rest/server/error_handler.go:12.35,16.2 2 0
github.com/nmarsollier/imagego/internal/rest/server/error_handler.go:18.42,20.20 2 0
github.com/nmarsollier/imagego/internal/rest/server/error_handler.go:20.20,22.3 1 0
github.com/nmarsollier/imagego/internal/rest/server/error_handler.go:24.2,25.16 2 0
github.com/nmarsollier/imagego/internal/rest/server/error_handler.go:25.16,27.3 1 0
github.com/nmarsollier/imagego/internal/rest/server/error_handler.go:29.2,29.21 1 0
github.com/nmarsollier/imagego/internal/rest/server/error_handler.go:33.51,35.29 1 0
github.com/nmarsollier/imagego/internal/rest/server/error_handler.go:36.22,38.25 1 0
github.com/nmarsollier/imagego/internal/rest/server/error_handler.go:39.23,41.19 1 0
github.com/nmarsollier/imagego/internal/rest/server/error_handler.go:42.34,44.34 1 0
github.com/nmarsollier/imagego/internal/rest/server/error_handler.go:45.13,49.5 1 0
github.com/nmarsollier/imagego/internal/rest/server/error_handler.go:50.10,52.33 1 0
github.com/nmarsollier/imagego/internal/rest/server/error_handler.go:56.89,59.37 2 0
github.com/nmarsollier/imagego/internal/rest/server/error_handler.go:59.37,61.3 1 0
github.com/nmarsollier/imagego/internal/rest/server/error_handler.go:63.2,63.18 1 0
github.com/nmarsollier/imagego/internal/rest/server/error_handler.go:66.55,68.2 1 0
