mode: set
github.com/nmarsollier/imagego/internal/di/injector.go:36.48,40.2 1 0
github.com/nmarsollier/imagego/internal/di/injector.go:42.41,44.2 1 0
github.com/nmarsollier/imagego/internal/di/injector.go:46.49,47.30 1 0
github.com/nmarsollier/imagego/internal/di/injector.go:47.30,49.3 1 0
github.com/nmarsollier/imagego/internal/di/injector.go:51.2,51.24 1 0
github.com/nmarsollier/imagego/internal/di/injector.go:51.24,53.3 1 0
github.com/nmarsollier/imagego/internal/di/injector.go:55.2,56.20 2 0
github.com/nmarsollier/imagego/internal/di/injector.go:59.46,60.29 1 0
github.com/nmarsollier/imagego/internal/di/injector.go:60.29,62.3 1 0
github.com/nmarsollier/imagego/internal/di/injector.go:64.2,64.23 1 0
github.com/nmarsollier/imagego/internal/di/injector.go:64.23,66.3 1 0
github.com/nmarsollier/imagego/internal/di/injector.go:68.2,69.19 2 0
github.com/nmarsollier/imagego/internal/di/injector.go:72.56,73.28 1 0
github.com/nmarsollier/imagego/internal/di/injector.go:73.28,75.3 1 0
github.com/nmarsollier/imagego/internal/di/injector.go:76.2,77.24 2 0
github.com/nmarsollier/imagego/internal/di/injector.go:80.50,81.27 1 0
github.com/nmarsollier/imagego/internal/di/injector.go:81.27,83.3 1 0
github.com/nmarsollier/imagego/internal/di/injector.go:84.2,85.23 2 0
github.com/nmarsollier/imagego/internal/di/injector.go:88.65,89.26 1 0
github.com/nmarsollier/imagego/internal/di/injector.go:89.26,91.3 1 0
github.com/nmarsollier/imagego/internal/di/injector.go:92.2,93.22 2 0
github.com/nmarsollier/imagego/internal/di/injector.go:96.59,97.25 1 0
github.com/nmarsollier/imagego/internal/di/injector.go:97.25,99.3 1 0
github.com/nmarsollier/imagego/internal/di/injector.go:100.2,101.21 2 0
