mode: set
github.com/nmarsollier/imagego/internal/env/env.go:21.27,31.2 1 1
github.com/nmarsollier/imagego/internal/env/env.go:34.27,35.19 1 0
github.com/nmarsollier/imagego/internal/env/env.go:35.19,37.3 1 0
github.com/nmarsollier/imagego/internal/env/env.go:39.2,39.15 1 0
github.com/nmarsollier/imagego/internal/env/env.go:43.28,46.55 2 1
github.com/nmarsollier/imagego/internal/env/env.go:46.55,48.3 1 0
github.com/nmarsollier/imagego/internal/env/env.go:50.2,50.53 1 1
github.com/nmarsollier/imagego/internal/env/env.go:50.53,52.3 1 1
github.com/nmarsollier/imagego/internal/env/env.go:54.2,54.54 1 1
github.com/nmarsollier/imagego/internal/env/env.go:54.54,56.3 1 1
github.com/nmarsollier/imagego/internal/env/env.go:58.2,58.48 1 1
github.com/nmarsollier/imagego/internal/env/env.go:58.48,59.53 1 1
github.com/nmarsollier/imagego/internal/env/env.go:59.53,61.4 1 1
github.com/nmarsollier/imagego/internal/env/env.go:64.2,64.52 1 1
github.com/nmarsollier/imagego/internal/env/env.go:64.52,65.53 1 0
github.com/nmarsollier/imagego/internal/env/env.go:65.53,67.4 1 0
github.com/nmarsollier/imagego/internal/env/env.go:70.2,70.54 1 1
github.com/nmarsollier/imagego/internal/env/env.go:70.54,72.3 1 1
github.com/nmarsollier/imagego/internal/env/env.go:74.2,74.60 1 1
github.com/nmarsollier/imagego/internal/env/env.go:74.60,76.3 1 1
github.com/nmarsollier/imagego/internal/env/env.go:78.2,78.15 1 1
