mode: set
github.com/nmarsollier/imagego/internal/image/repository.go:21.19,26.2 1 0
github.com/nmarsollier/imagego/internal/image/repository.go:34.64,35.48 1 0
github.com/nmarsollier/imagego/internal/image/repository.go:35.48,39.3 2 0
github.com/nmarsollier/imagego/internal/image/repository.go:41.2,42.16 2 0
github.com/nmarsollier/imagego/internal/image/repository.go:42.16,45.3 2 0
github.com/nmarsollier/imagego/internal/image/repository.go:47.2,47.22 1 0
github.com/nmarsollier/imagego/internal/image/repository.go:51.64,53.16 2 0
github.com/nmarsollier/imagego/internal/image/repository.go:53.16,56.3 2 0
github.com/nmarsollier/imagego/internal/image/repository.go:58.2,62.21 2 0
github.com/nmarsollier/imagego/internal/image/repository.go:65.62,67.47 2 0
github.com/nmarsollier/imagego/internal/image/repository.go:67.47,70.3 2 0
github.com/nmarsollier/imagego/internal/image/repository.go:71.2,71.51 1 0
github.com/nmarsollier/imagego/internal/image/repository.go:71.51,74.3 2 0
github.com/nmarsollier/imagego/internal/image/repository.go:75.2,75.12 1 0
github.com/nmarsollier/imagego/internal/image/schema.go:15.29,20.2 1 0
github.com/nmarsollier/imagego/internal/image/service.go:25.16,30.2 1 0
github.com/nmarsollier/imagego/internal/image/service.go:37.61,39.2 1 0
github.com/nmarsollier/imagego/internal/image/service.go:42.71,43.15 1 0
github.com/nmarsollier/imagego/internal/image/service.go:43.15,45.3 1 0
github.com/nmarsollier/imagego/internal/image/service.go:47.2,51.40 3 0
github.com/nmarsollier/imagego/internal/image/service.go:51.40,53.3 1 0
github.com/nmarsollier/imagego/internal/image/service.go:54.2,54.16 1 0
github.com/nmarsollier/imagego/internal/image/service.go:54.16,56.3 1 0
github.com/nmarsollier/imagego/internal/image/service.go:58.2,58.39 1 0
github.com/nmarsollier/imagego/internal/image/service.go:61.80,65.16 2 0
github.com/nmarsollier/imagego/internal/image/service.go:65.16,67.3 1 0
github.com/nmarsollier/imagego/internal/image/service.go:69.2,70.16 2 0
github.com/nmarsollier/imagego/internal/image/service.go:70.16,72.3 1 0
github.com/nmarsollier/imagego/internal/image/service.go:74.2,75.16 2 0
github.com/nmarsollier/imagego/internal/image/service.go:75.16,77.3 1 0
github.com/nmarsollier/imagego/internal/image/service.go:79.2,79.19 1 0
github.com/nmarsollier/imagego/internal/image/service.go:82.71,88.16 4 0
github.com/nmarsollier/imagego/internal/image/service.go:88.16,90.3 1 0
github.com/nmarsollier/imagego/internal/image/service.go:91.2,92.29 2 0
github.com/nmarsollier/imagego/internal/image/service.go:92.29,97.3 1 0
github.com/nmarsollier/imagego/internal/image/service.go:100.2,111.21 7 0
github.com/nmarsollier/imagego/internal/image/service.go:114.51,116.2 1 0
