mode: set
github.com/nmarsollier/imagego/internal/rabbit/consume_logout.go:21.109,26.2 1 0
github.com/nmarsollier/imagego/internal/rabbit/consume_logout.go:42.39,43.12 1 0
github.com/nmarsollier/imagego/internal/rabbit/consume_logout.go:43.12,44.7 1 0
github.com/nmarsollier/imagego/internal/rabbit/consume_logout.go:44.7,48.4 3 0
github.com/nmarsollier/imagego/internal/rabbit/consume_logout.go:52.53,60.16 3 0
github.com/nmarsollier/imagego/internal/rabbit/consume_logout.go:60.16,63.3 2 0
github.com/nmarsollier/imagego/internal/rabbit/consume_logout.go:64.2,67.16 3 0
github.com/nmarsollier/imagego/internal/rabbit/consume_logout.go:67.16,70.3 2 0
github.com/nmarsollier/imagego/internal/rabbit/consume_logout.go:71.2,82.16 3 0
github.com/nmarsollier/imagego/internal/rabbit/consume_logout.go:82.16,85.3 2 0
github.com/nmarsollier/imagego/internal/rabbit/consume_logout.go:87.2,95.16 2 0
github.com/nmarsollier/imagego/internal/rabbit/consume_logout.go:95.16,98.3 2 0
github.com/nmarsollier/imagego/internal/rabbit/consume_logout.go:100.2,106.16 2 0
github.com/nmarsollier/imagego/internal/rabbit/consume_logout.go:106.16,109.3 2 0
github.com/nmarsollier/imagego/internal/rabbit/consume_logout.go:111.2,120.16 2 0
github.com/nmarsollier/imagego/internal/rabbit/consume_logout.go:120.16,123.3 2 0
github.com/nmarsollier/imagego/internal/rabbit/consume_logout.go:125.2,127.12 2 0
github.com/nmarsollier/imagego/internal/rabbit/consume_logout.go:127.12,128.22 1 0
github.com/nmarsollier/imagego/internal/rabbit/consume_logout.go:128.22,134.18 5 0
github.com/nmarsollier/imagego/internal/rabbit/consume_logout.go:134.18,137.5 2 0
github.com/nmarsollier/imagego/internal/rabbit/consume_logout.go:137.10,139.5 1 0
github.com/nmarsollier/imagego/internal/rabbit/consume_logout.go:143.2,145.12 2 0
github.com/nmarsollier/imagego/internal/rabbit/consume_logout.go:153.42,156.21 2 0
github.com/nmarsollier/imagego/internal/rabbit/consume_logout.go:156.21,158.3 1 0
github.com/nmarsollier/imagego/internal/rabbit/consume_logout.go:160.2,160.14 1 0
