mode: set
github.com/nmarsollier/imagego/internal/security/repository.go:24.22,30.2 1 0
github.com/nmarsollier/imagego/internal/security/repository.go:38.74,41.16 2 0
github.com/nmarsollier/imagego/internal/security/repository.go:41.16,44.3 2 0
github.com/nmarsollier/imagego/internal/security/repository.go:46.2,47.75 2 0
github.com/nmarsollier/imagego/internal/security/repository.go:47.75,49.3 1 0
github.com/nmarsollier/imagego/internal/security/repository.go:51.2,52.42 2 0
github.com/nmarsollier/imagego/internal/security/repository.go:52.42,55.3 2 0
github.com/nmarsollier/imagego/internal/security/repository.go:56.2,60.16 4 0
github.com/nmarsollier/imagego/internal/security/repository.go:60.16,63.3 2 0
github.com/nmarsollier/imagego/internal/security/repository.go:65.2,66.46 2 0
github.com/nmarsollier/imagego/internal/security/repository.go:66.46,69.3 2 0
github.com/nmarsollier/imagego/internal/security/repository.go:72.2,74.18 2 0
github.com/nmarsollier/imagego/internal/security/repository.go:77.55,79.2 1 0
github.com/nmarsollier/imagego/internal/security/repository.go:81.67,83.16 2 0
github.com/nmarsollier/imagego/internal/security/repository.go:83.16,85.3 1 0
github.com/nmarsollier/imagego/internal/security/repository.go:86.2,86.19 1 0
github.com/nmarsollier/imagego/internal/security/service.go:16.19,21.2 1 0
github.com/nmarsollier/imagego/internal/security/service.go:29.52,30.21 1 0
github.com/nmarsollier/imagego/internal/security/service.go:30.21,33.3 2 0
github.com/nmarsollier/imagego/internal/security/service.go:35.2,36.41 2 0
github.com/nmarsollier/imagego/internal/security/service.go:40.65,42.44 1 0
github.com/nmarsollier/imagego/internal/security/service.go:42.44,44.3 1 0
github.com/nmarsollier/imagego/internal/security/service.go:46.2,47.16 2 0
github.com/nmarsollier/imagego/internal/security/service.go:47.16,49.3 1 0
github.com/nmarsollier/imagego/internal/security/service.go:51.2,51.18 1 0
