mode: set
github.com/nmarsollier/imagego/tools/env/env.go:24.27,37.2 1 1
github.com/nmarsollier/imagego/tools/env/env.go:40.27,41.19 1 0
github.com/nmarsollier/imagego/tools/env/env.go:41.19,43.3 1 0
github.com/nmarsollier/imagego/tools/env/env.go:45.2,45.15 1 0
github.com/nmarsollier/imagego/tools/env/env.go:49.28,52.53 2 1
github.com/nmarsollier/imagego/tools/env/env.go:52.53,54.3 1 1
github.com/nmarsollier/imagego/tools/env/env.go:56.2,56.54 1 1
github.com/nmarsollier/imagego/tools/env/env.go:56.54,58.3 1 1
github.com/nmarsollier/imagego/tools/env/env.go:60.2,60.48 1 1
github.com/nmarsollier/imagego/tools/env/env.go:60.48,61.53 1 1
github.com/nmarsollier/imagego/tools/env/env.go:61.53,63.4 1 1
github.com/nmarsollier/imagego/tools/env/env.go:66.2,66.52 1 1
github.com/nmarsollier/imagego/tools/env/env.go:66.52,67.53 1 0
github.com/nmarsollier/imagego/tools/env/env.go:67.53,69.4 1 0
github.com/nmarsollier/imagego/tools/env/env.go:72.2,72.54 1 1
github.com/nmarsollier/imagego/tools/env/env.go:72.54,74.3 1 1
github.com/nmarsollier/imagego/tools/env/env.go:76.2,76.60 1 1
github.com/nmarsollier/imagego/tools/env/env.go:76.60,78.3 1 1
github.com/nmarsollier/imagego/tools/env/env.go:80.2,80.50 1 1
github.com/nmarsollier/imagego/tools/env/env.go:80.50,82.3 1 0
github.com/nmarsollier/imagego/tools/env/env.go:83.2,83.61 1 1
github.com/nmarsollier/imagego/tools/env/env.go:83.61,85.3 1 0
github.com/nmarsollier/imagego/tools/env/env.go:86.2,86.65 1 1
github.com/nmarsollier/imagego/tools/env/env.go:86.65,88.3 1 0
github.com/nmarsollier/imagego/tools/env/env.go:89.2,89.54 1 1
github.com/nmarsollier/imagego/tools/env/env.go:89.54,91.3 1 0
github.com/nmarsollier/imagego/tools/env/env.go:93.2,93.15 1 1
