mode: set
github.com/nmarsollier/imagego/internal/rest/get_image_id.go:23.41,25.2 1 0
github.com/nmarsollier/imagego/internal/rest/get_image_id.go:27.32,30.16 2 0
github.com/nmarsollier/imagego/internal/rest/get_image_id.go:30.16,33.3 2 0
github.com/nmarsollier/imagego/internal/rest/get_image_id.go:35.2,35.19 1 0
github.com/nmarsollier/imagego/internal/rest/get_image_id_jpeg.go:28.45,30.2 1 0
github.com/nmarsollier/imagego/internal/rest/get_image_id_jpeg.go:32.36,34.16 2 0
github.com/nmarsollier/imagego/internal/rest/get_image_id_jpeg.go:34.16,37.3 2 0
github.com/nmarsollier/imagego/internal/rest/get_image_id_jpeg.go:39.2,40.16 2 0
github.com/nmarsollier/imagego/internal/rest/get_image_id_jpeg.go:40.16,43.3 2 0
github.com/nmarsollier/imagego/internal/rest/get_image_id_jpeg.go:45.2,45.40 1 0
github.com/nmarsollier/imagego/internal/rest/get_image_id_jpeg.go:48.48,52.2 3 0
github.com/nmarsollier/imagego/internal/rest/image_tools.go:10.53,16.16 5 0
github.com/nmarsollier/imagego/internal/rest/image_tools.go:16.16,18.3 1 0
github.com/nmarsollier/imagego/internal/rest/image_tools.go:20.2,20.18 1 0
github.com/nmarsollier/imagego/internal/rest/image_tools.go:23.39,25.9 2 0
github.com/nmarsollier/imagego/internal/rest/image_tools.go:25.9,27.3 1 0
github.com/nmarsollier/imagego/internal/rest/image_tools.go:29.2,29.39 1 0
github.com/nmarsollier/imagego/internal/rest/image_tools.go:33.48,34.20 1 0
github.com/nmarsollier/imagego/internal/rest/image_tools.go:35.13,36.13 1 0
github.com/nmarsollier/imagego/internal/rest/image_tools.go:37.13,38.13 1 0
github.com/nmarsollier/imagego/internal/rest/image_tools.go:39.13,40.13 1 0
github.com/nmarsollier/imagego/internal/rest/image_tools.go:41.13,42.13 1 0
github.com/nmarsollier/imagego/internal/rest/image_tools.go:43.14,44.14 1 0
github.com/nmarsollier/imagego/internal/rest/image_tools.go:45.14,46.14 1 0
github.com/nmarsollier/imagego/internal/rest/image_tools.go:48.2,48.10 1 0
github.com/nmarsollier/imagego/internal/rest/post_image.go:27.40,33.2 1 0
github.com/nmarsollier/imagego/internal/rest/post_image.go:35.32,37.16 2 0
github.com/nmarsollier/imagego/internal/rest/post_image.go:37.16,40.3 2 0
github.com/nmarsollier/imagego/internal/rest/post_image.go:42.2,44.16 3 0
github.com/nmarsollier/imagego/internal/rest/post_image.go:44.16,47.3 2 0
github.com/nmarsollier/imagego/internal/rest/post_image.go:49.2,49.39 1 0
github.com/nmarsollier/imagego/internal/rest/post_image.go:52.51,55.48 2 0
github.com/nmarsollier/imagego/internal/rest/post_image.go:55.48,57.3 1 0
github.com/nmarsollier/imagego/internal/rest/post_image.go:59.2,59.24 1 0
github.com/nmarsollier/imagego/internal/rest/router.go:13.20,17.2 3 0
github.com/nmarsollier/imagego/internal/rest/router.go:19.37,23.2 3 0
